Using pre-set license
Built from '2021.1/staging' branch; Version is '2021.1.7f1 (d91830b65d9b) revision 14227504'; Using compiler version '192528614'; Build Type 'Release'
OS: 'Windows 10 Education; OS build 19043.1237; Version 2009; 64bit' Language: 'en' Physical Memory: 16247 MB
BatchMode: 1, IsHumanControllingUs: 0, StartBugReporterOnCrash: 0, Is64bit: 1, IsPro: 0

 COMMAND LINE ARGUMENTS:
C:\Program Files\Unity 2021.1.7f1\Editor\Unity.exe
-adb2
-batchMode
-noUpm
-name
AssetImportWorker0
-projectPath
C:/Users/9q.h4/Documents/Github/Art-and-Animation-Terrain/Terrain
-logFile
Logs/AssetImportWorker0.log
-srvPort
49364
Successfully changed project path to: C:/Users/9q.h4/Documents/Github/Art-and-Animation-Terrain/Terrain
C:/Users/9q.h4/Documents/Github/Art-and-Animation-Terrain/Terrain
Using Asset Import Pipeline V2.
Refreshing native plugins compatible for Editor in 69.96 ms, found 1 plugins.
Preloading 0 native plugins for Editor in 0.00 ms.
Initialize engine version: 2021.1.7f1 (d91830b65d9b)
[Subsystems] Discovering subsystems at path C:/Program Files/Unity 2021.1.7f1/Editor/Data/Resources/UnitySubsystems
[Subsystems] Discovering subsystems at path C:/Users/9q.h4/Documents/Github/Art-and-Animation-Terrain/Terrain/Assets
GfxDevice: creating device client; threaded=0; jobified=0
Direct3D:
    Version:  Direct3D 11.0 [level 11.1]
    Renderer: AMD Radeon R7 450 (ID=0x682b)
    Vendor:   ATI
    VRAM:     4076 MB
    Driver:   24.20.11020.3002
Initialize mono
Mono path[0] = 'C:/Program Files/Unity 2021.1.7f1/Editor/Data/Managed'
Mono path[1] = 'C:/Program Files/Unity 2021.1.7f1/Editor/Data/MonoBleedingEdge/lib/mono/unityjit'
Mono config path = 'C:/Program Files/Unity 2021.1.7f1/Editor/Data/MonoBleedingEdge/etc'
Using monoOptions --debugger-agent=transport=dt_socket,embedding=1,server=y,suspend=n,address=127.0.0.1:56276
Begin MonoManager ReloadAssembly
Registering precompiled unity dll's ...
Register platform support module: C:/Program Files/Unity 2021.1.7f1/Editor/Data/PlaybackEngines/WebGLSupport/UnityEditor.WebGL.Extensions.dll
Register platform support module: C:/Program Files/Unity 2021.1.7f1/Editor/Data/PlaybackEngines/WindowsStandaloneSupport/UnityEditor.WindowsStandalone.Extensions.dll
Registered in 0.002091 seconds.
Native extension for WindowsStandalone target not found
Native extension for WebGL target not found
Refreshing native plugins compatible for Editor in 69.70 ms, found 1 plugins.
Preloading 0 native plugins for Editor in 0.00 ms.
Mono: successfully reloaded assembly
- Completed reload, in  1.309 seconds
Platform modules already initialized, skipping
Registering precompiled user dll's ...
Registered in 0.002449 seconds.
Begin MonoManager ReloadAssembly
Symbol file LoadedFromMemory doesn't match image C:\Users\9q.h4\Documents\Github\Art-and-Animation-Terrain\Terrain\Library\PackageCache\com.unity.visualscripting@1.6.1\Editor\VisualScripting.Core\Dependencies\YamlDotNet\Unity.VisualScripting.YamlDotNet.dll
Symbol file LoadedFromMemory doesn't match image C:\Users\9q.h4\Documents\Github\Art-and-Animation-Terrain\Terrain\Library\PackageCache\com.unity.visualscripting@1.6.1\Editor\VisualScripting.Core\Dependencies\DotNetZip\Unity.VisualScripting.IonicZip.dll
Native extension for WindowsStandalone target not found
Native extension for WebGL target not found
Refreshing native plugins compatible for Editor in 0.51 ms, found 1 plugins.
Preloading 0 native plugins for Editor in 0.00 ms.
Mono: successfully reloaded assembly
- Completed reload, in  1.088 seconds
Platform modules already initialized, skipping
========================================================================
Worker process is ready to serve import requests
Launched and connected shader compiler UnityShaderCompiler.exe after 0.03 seconds
Refreshing native plugins compatible for Editor in 0.45 ms, found 1 plugins.
Preloading 0 native plugins for Editor in 0.00 ms.
Unloading 2666 Unused Serialized files (Serialized files now loaded: 0)
System memory in use before: 110.0 MB.
System memory in use after: 110.2 MB.

Unloading 14 unused Assets to reduce memory usage. Loaded Objects now: 3136.
Total: 1.750900 ms (FindLiveObjects: 0.195300 ms CreateObjectMapping: 0.118300 ms MarkObjects: 1.369100 ms  DeleteObjects: 0.067400 ms)

========================================================================
Received Import Request.
  path: Assets/Terrain Assets/Trees Ambient-Occlusion/Textures/AlderBark.PSD
  artifactKey: Guid(061b881dbd110e38a00062d88f962b59) Importer(815301076,1909f56bfc062723c751e8b465ee728b)
Start importing Assets/Terrain Assets/Trees Ambient-Occlusion/Textures/AlderBark.PSD using Guid(061b881dbd110e38a00062d88f962b59) Importer(815301076,1909f56bfc062723c751e8b465ee728b)  -> (artifact id: 'aab94adb9f4921430c0937e273d1f32b') in 0.073456 seconds 
========================================================================
Received Import Request.
  Time since last request: 0.000288 seconds.
  path: Assets/AeonicTexturePack/Atex_Dirt1.jpg
  artifactKey: Guid(69930cb68b9e44a93877a4fd343b0e89) Importer(815301076,1909f56bfc062723c751e8b465ee728b)
Start importing Assets/AeonicTexturePack/Atex_Dirt1.jpg using Guid(69930cb68b9e44a93877a4fd343b0e89) Importer(815301076,1909f56bfc062723c751e8b465ee728b)  -> (artifact id: '3761775f1f0b71760684afa050f4cb11') in 0.036075 seconds 
========================================================================
Received Import Request.
  Time since last request: 0.000256 seconds.
  path: Assets/AeonicTexturePack/Atex_Gravel2.jpg
  artifactKey: Guid(3a7915e2b99cd4d5a9f01b075f2ad6e9) Importer(815301076,1909f56bfc062723c751e8b465ee728b)
Start importing Assets/AeonicTexturePack/Atex_Gravel2.jpg using Guid(3a7915e2b99cd4d5a9f01b075f2ad6e9) Importer(815301076,1909f56bfc062723c751e8b465ee728b)  -> (artifact id: 'ea7612067600f3a16ed1b50b76a50067') in 0.007831 seconds 
========================================================================
Received Import Request.
  Time since last request: 0.000393 seconds.
  path: Assets/AeonicTexturePack/Atex_Dirt4.jpg
  artifactKey: Guid(60724ca4e99f54f7a9c399ee0739c087) Importer(815301076,1909f56bfc062723c751e8b465ee728b)
Start importing Assets/AeonicTexturePack/Atex_Dirt4.jpg using Guid(60724ca4e99f54f7a9c399ee0739c087) Importer(815301076,1909f56bfc062723c751e8b465ee728b)  -> (artifact id: 'cf7a8f48ba949a96d5a050db4b13835f') in 0.008235 seconds 
========================================================================
Received Import Request.
  Time since last request: 0.000263 seconds.
  path: Assets/AeonicTexturePack/Atex_Field2.jpg
  artifactKey: Guid(2b179ae8454c94d6f835a6681532d478) Importer(815301076,1909f56bfc062723c751e8b465ee728b)
Start importing Assets/AeonicTexturePack/Atex_Field2.jpg using Guid(2b179ae8454c94d6f835a6681532d478) Importer(815301076,1909f56bfc062723c751e8b465ee728b)  -> (artifact id: 'b77d77022381a976d3d8cf0dd8cabace') in 0.007595 seconds 
========================================================================
Received Import Request.
  Time since last request: 0.000252 seconds.
  path: Assets/AeonicTexturePack/Atex_Dirt3.jpg
  artifactKey: Guid(bdbc0c13ea3694c3d85b040e23b65747) Importer(815301076,1909f56bfc062723c751e8b465ee728b)
Start importing Assets/AeonicTexturePack/Atex_Dirt3.jpg using Guid(bdbc0c13ea3694c3d85b040e23b65747) Importer(815301076,1909f56bfc062723c751e8b465ee728b)  -> (artifact id: 'b83d378264e68163a6d6dffbf5888caa') in 0.007495 seconds 
========================================================================
Received Import Request.
  Time since last request: 0.000279 seconds.
  path: Assets/Terrain Assets/Trees Ambient-Occlusion/Textures/AlderBranches.psd
  artifactKey: Guid(d72b881dbd110e38a00062d88f962b59) Importer(815301076,1909f56bfc062723c751e8b465ee728b)
Start importing Assets/Terrain Assets/Trees Ambient-Occlusion/Textures/AlderBranches.psd using Guid(d72b881dbd110e38a00062d88f962b59) Importer(815301076,1909f56bfc062723c751e8b465ee728b)  -> (artifact id: '3b452c36cc68252def8faca745c5b6f8') in 0.009964 seconds 
========================================================================
Received Import Request.
  Time since last request: 0.000330 seconds.
  path: Assets/AeonicTexturePack/Atex_Concrete3.jpg
  artifactKey: Guid(81ebc9ca3842d41c68df620c1810d4a7) Importer(815301076,1909f56bfc062723c751e8b465ee728b)
Start importing Assets/AeonicTexturePack/Atex_Concrete3.jpg using Guid(81ebc9ca3842d41c68df620c1810d4a7) Importer(815301076,1909f56bfc062723c751e8b465ee728b)  -> (artifact id: '7d8da5ab04608c69b145fdf8aafdb255') in 0.007801 seconds 
========================================================================
Received Import Request.
  Time since last request: 0.000289 seconds.
  path: Assets/AeonicTexturePack/Atex_Grass1.jpg
  artifactKey: Guid(dd49ed99f55924d13bacefd240626bc5) Importer(815301076,1909f56bfc062723c751e8b465ee728b)
Start importing Assets/AeonicTexturePack/Atex_Grass1.jpg using Guid(dd49ed99f55924d13bacefd240626bc5) Importer(815301076,1909f56bfc062723c751e8b465ee728b)  -> (artifact id: '44bacda168231b450faa1e0a5f18fa68') in 0.008132 seconds 
========================================================================
Received Import Request.
  Time since last request: 0.000257 seconds.
  path: Assets/AeonicTexturePack/Atex_Field1.jpg
  artifactKey: Guid(e4cc6b89f7fe0415b99809d203397c20) Importer(815301076,1909f56bfc062723c751e8b465ee728b)
Start importing Assets/AeonicTexturePack/Atex_Field1.jpg using Guid(e4cc6b89f7fe0415b99809d203397c20) Importer(815301076,1909f56bfc062723c751e8b465ee728b)  -> (artifact id: '3a8c0a32d3b3c44ac8bb8c9d7454ce7f') in 0.007022 seconds 
========================================================================
Received Import Request.
  Time since last request: 0.000291 seconds.
  path: Assets/AeonicTexturePack/Atex_Gravel3.jpg
  artifactKey: Guid(c1a90a563817e4539a29463418e6dd66) Importer(815301076,1909f56bfc062723c751e8b465ee728b)
Start importing Assets/AeonicTexturePack/Atex_Gravel3.jpg using Guid(c1a90a563817e4539a29463418e6dd66) Importer(815301076,1909f56bfc062723c751e8b465ee728b)  -> (artifact id: '121ddc38c59479adf29c53dbcda31bf1') in 0.007049 seconds 
========================================================================
Received Import Request.
  Time since last request: 0.000273 seconds.
  path: Assets/AeonicTexturePack/Atex_Grass3.jpg
  artifactKey: Guid(858e483d613d848cb935156b41553e4d) Importer(815301076,1909f56bfc062723c751e8b465ee728b)
Start importing Assets/AeonicTexturePack/Atex_Grass3.jpg using Guid(858e483d613d848cb935156b41553e4d) Importer(815301076,1909f56bfc062723c751e8b465ee728b)  -> (artifact id: '8e9224438edaaf68a83f1e6c46220f60') in 0.007137 seconds 
========================================================================
Received Import Request.
  Time since last request: 0.000298 seconds.
  path: Assets/AeonicTexturePack/Atex_Grass2.jpg
  artifactKey: Guid(9c80b7e7d27b645a2bcb818c875ac606) Importer(815301076,1909f56bfc062723c751e8b465ee728b)
Start importing Assets/AeonicTexturePack/Atex_Grass2.jpg using Guid(9c80b7e7d27b645a2bcb818c875ac606) Importer(815301076,1909f56bfc062723c751e8b465ee728b)  -> (artifact id: 'fc3fdc564649520363cfa9991f693f18') in 0.007049 seconds 
========================================================================
Received Import Request.
  Time since last request: 0.000316 seconds.
  path: Assets/AeonicTexturePack/Atex_Concrete2.jpg
  artifactKey: Guid(e929429c678284df58e561543d07f2a7) Importer(815301076,1909f56bfc062723c751e8b465ee728b)
Start importing Assets/AeonicTexturePack/Atex_Concrete2.jpg using Guid(e929429c678284df58e561543d07f2a7) Importer(815301076,1909f56bfc062723c751e8b465ee728b)  -> (artifact id: 'a3fd96252374bd3bd65d9b866736b462') in 0.006325 seconds 
========================================================================
Received Import Request.
  Time since last request: 0.000278 seconds.
  path: Assets/AeonicTexturePack/Atex_Dirt2.jpg
  artifactKey: Guid(89d7186bb29164a87905f17c084e4206) Importer(815301076,1909f56bfc062723c751e8b465ee728b)
Start importing Assets/AeonicTexturePack/Atex_Dirt2.jpg using Guid(89d7186bb29164a87905f17c084e4206) Importer(815301076,1909f56bfc062723c751e8b465ee728b)  -> (artifact id: 'a6b873893cfc1c6da270e9bcf9eb2c44') in 0.008708 seconds 
========================================================================
Received Import Request.
  Time since last request: 0.000274 seconds.
  path: Assets/AeonicTexturePack/Atex_Pavement1.jpg
  artifactKey: Guid(6502a747374bb4cc088caf866786689d) Importer(815301076,1909f56bfc062723c751e8b465ee728b)
Start importing Assets/AeonicTexturePack/Atex_Pavement1.jpg using Guid(6502a747374bb4cc088caf866786689d) Importer(815301076,1909f56bfc062723c751e8b465ee728b)  -> (artifact id: '0af33325c7e639dab8041cffdd9c3f21') in 0.007779 seconds 
========================================================================
Received Import Request.
  Time since last request: 0.000237 seconds.
  path: Assets/AeonicTexturePack/Atex_Concrete4.jpg
  artifactKey: Guid(c54bf2390a18e47c19ab793626fbfb56) Importer(815301076,1909f56bfc062723c751e8b465ee728b)
Start importing Assets/AeonicTexturePack/Atex_Concrete4.jpg using Guid(c54bf2390a18e47c19ab793626fbfb56) Importer(815301076,1909f56bfc062723c751e8b465ee728b)  -> (artifact id: '833799d101528722f31f938397be23ac') in 0.006760 seconds 
========================================================================
Received Import Request.
  Time since last request: 0.000254 seconds.
  path: Assets/AeonicTexturePack/Atex_Rock1.jpg
  artifactKey: Guid(5ab22b13873ff4767bf281a8c183615a) Importer(815301076,1909f56bfc062723c751e8b465ee728b)
Start importing Assets/AeonicTexturePack/Atex_Rock1.jpg using Guid(5ab22b13873ff4767bf281a8c183615a) Importer(815301076,1909f56bfc062723c751e8b465ee728b)  -> (artifact id: '403a18778dc94f473498ac0307916605') in 0.009268 seconds 
========================================================================
Received Import Request.
  Time since last request: 0.000305 seconds.
  path: Assets/AeonicTexturePack/Atex_Gravel1.jpg
  artifactKey: Guid(18d06890de62d443ea645cc5adec617e) Importer(815301076,1909f56bfc062723c751e8b465ee728b)
Start importing Assets/AeonicTexturePack/Atex_Gravel1.jpg using Guid(18d06890de62d443ea645cc5adec617e) Importer(815301076,1909f56bfc062723c751e8b465ee728b)  -> (artifact id: '1e31828c7299e826be4968903a5627c1') in 0.007431 seconds 
========================================================================
Received Import Request.
  Time since last request: 0.000284 seconds.
  path: Assets/AeonicTexturePack/Atex_Concrete1.jpg
  artifactKey: Guid(ca52ada7f5f7142d1bca2409ea3dfce0) Importer(815301076,1909f56bfc062723c751e8b465ee728b)
Start importing Assets/AeonicTexturePack/Atex_Concrete1.jpg using Guid(ca52ada7f5f7142d1bca2409ea3dfce0) Importer(815301076,1909f56bfc062723c751e8b465ee728b)  -> (artifact id: '3af26972f77df39cfae0d9c924a0088a') in 0.006689 seconds 
========================================================================
Received Import Request.
  Time since last request: 5.185007 seconds.
  path: Assets/NewBrush.brush
  artifactKey: Guid(4c56decbd39eca5469b256e35d16b578) Importer(815301076,1909f56bfc062723c751e8b465ee728b)
Start importing Assets/NewBrush.brush using Guid(4c56decbd39eca5469b256e35d16b578) Importer(815301076,1909f56bfc062723c751e8b465ee728b)  -> (artifact id: '82c57fd8e008cfa0ad46913a7e312776') in 0.034153 seconds 
========================================================================
Received Import Request.
  Time since last request: 72.182998 seconds.
  path: Assets/AeonicTexturePack/Atex_Rock2.jpg
  artifactKey: Guid(c12fba8bcc2ef4b959d67f60ca59d886) Importer(815301076,1909f56bfc062723c751e8b465ee728b)
Start importing Assets/AeonicTexturePack/Atex_Rock2.jpg using Guid(c12fba8bcc2ef4b959d67f60ca59d886) Importer(815301076,1909f56bfc062723c751e8b465ee728b)  -> (artifact id: '81ebbca7a927ca46a95114115f0107b0') in 0.008371 seconds 
========================================================================
Received Import Request.
  Time since last request: 0.000311 seconds.
  path: Assets/AeonicTexturePack/Atex_Rock4.jpg
  artifactKey: Guid(004b783a095f74e7196db2e1a3a6c2d8) Importer(815301076,1909f56bfc062723c751e8b465ee728b)
Start importing Assets/AeonicTexturePack/Atex_Rock4.jpg using Guid(004b783a095f74e7196db2e1a3a6c2d8) Importer(815301076,1909f56bfc062723c751e8b465ee728b)  -> (artifact id: '0cd7fa73e4d60e02022ed661968a4b84') in 0.009497 seconds 
========================================================================
Received Import Request.
  Time since last request: 0.000289 seconds.
  path: Assets/AeonicTexturePack/Atex_Rock3.jpg
  artifactKey: Guid(6f7916404ed2e49fda737e69e8f3bc69) Importer(815301076,1909f56bfc062723c751e8b465ee728b)
Start importing Assets/AeonicTexturePack/Atex_Rock3.jpg using Guid(6f7916404ed2e49fda737e69e8f3bc69) Importer(815301076,1909f56bfc062723c751e8b465ee728b)  -> (artifact id: 'd9aab445e4c6541e01fb4c64e6621f3e') in 0.007916 seconds 
========================================================================
Received Import Request.
  Time since last request: 0.000250 seconds.
  path: Assets/AeonicTexturePack/Atex_Rock5.jpg
  artifactKey: Guid(c00f3419c38644a01aa6fa97d49213a4) Importer(815301076,1909f56bfc062723c751e8b465ee728b)
Start importing Assets/AeonicTexturePack/Atex_Rock5.jpg using Guid(c00f3419c38644a01aa6fa97d49213a4) Importer(815301076,1909f56bfc062723c751e8b465ee728b)  -> (artifact id: '6ebaf75da50ca88e54253e7ae18afbb0') in 0.007073 seconds 
========================================================================
Received Import Request.
  Time since last request: 136.228342 seconds.
  path: Assets/AeonicTexturePack/Atex_Rock6.jpg
  artifactKey: Guid(1054f1fd930eb44b4963a1aa523cc5ac) Importer(815301076,1909f56bfc062723c751e8b465ee728b)
Start importing Assets/AeonicTexturePack/Atex_Rock6.jpg using Guid(1054f1fd930eb44b4963a1aa523cc5ac) Importer(815301076,1909f56bfc062723c751e8b465ee728b)  -> (artifact id: '4af0109e52eca8090c5f22a603c60e11') in 0.007373 seconds 
========================================================================
Received Import Request.
  Time since last request: 0.000241 seconds.
  path: Assets/AeonicTexturePack/Atex_Rock8.jpg
  artifactKey: Guid(a8704af5f941549e5a408a2904eb31fb) Importer(815301076,1909f56bfc062723c751e8b465ee728b)
Start importing Assets/AeonicTexturePack/Atex_Rock8.jpg using Guid(a8704af5f941549e5a408a2904eb31fb) Importer(815301076,1909f56bfc062723c751e8b465ee728b)  -> (artifact id: 'fb76ea20c0dce1e20a6e1d7c1523e5f7') in 0.009683 seconds 
========================================================================
Received Import Request.
  Time since last request: 0.000274 seconds.
  path: Assets/AeonicTexturePack/Atex_Rock7.jpg
  artifactKey: Guid(9a6ded686d7f04102a5f89445a4c69f7) Importer(815301076,1909f56bfc062723c751e8b465ee728b)
Start importing Assets/AeonicTexturePack/Atex_Rock7.jpg using Guid(9a6ded686d7f04102a5f89445a4c69f7) Importer(815301076,1909f56bfc062723c751e8b465ee728b)  -> (artifact id: '45d59db5c743c78d82d889a1743a63fb') in 0.006612 seconds 
========================================================================
Received Import Request.
  Time since last request: 0.000395 seconds.
  path: Assets/AeonicTexturePack/Atex_Rock9.jpg
  artifactKey: Guid(79d5431cd68194d08a40d2bbe4ebcef9) Importer(815301076,1909f56bfc062723c751e8b465ee728b)
Start importing Assets/AeonicTexturePack/Atex_Rock9.jpg using Guid(79d5431cd68194d08a40d2bbe4ebcef9) Importer(815301076,1909f56bfc062723c751e8b465ee728b)  -> (artifact id: '8a4b614c9cd86e014c9e5ea7b7fa41e5') in 0.006535 seconds 
========================================================================
Received Import Request.
  Time since last request: 0.000333 seconds.
  path: Assets/AeonicTexturePack/Atex_Rock11.jpg
  artifactKey: Guid(cd4d7bff7ee114691bf660e55a92f965) Importer(815301076,1909f56bfc062723c751e8b465ee728b)
Start importing Assets/AeonicTexturePack/Atex_Rock11.jpg using Guid(cd4d7bff7ee114691bf660e55a92f965) Importer(815301076,1909f56bfc062723c751e8b465ee728b)  -> (artifact id: '05fe262dfaeb8cd83d89855c791bd823') in 0.006745 seconds 
========================================================================
Received Import Request.
  Time since last request: 0.000280 seconds.
  path: Assets/AeonicTexturePack/Atex_Rock10.jpg
  artifactKey: Guid(27f896e8cb56a467885c23b4ab985df8) Importer(815301076,1909f56bfc062723c751e8b465ee728b)
Start importing Assets/AeonicTexturePack/Atex_Rock10.jpg using Guid(27f896e8cb56a467885c23b4ab985df8) Importer(815301076,1909f56bfc062723c751e8b465ee728b)  -> (artifact id: '65247125eba17654555b11659de081c9') in 0.007647 seconds 
========================================================================
Received Import Request.
  Time since last request: 0.000289 seconds.
  path: Assets/AeonicTexturePack/Atex_Rock17.jpg
  artifactKey: Guid(b3b656cca21f546f699d08c8ee074b8d) Importer(815301076,1909f56bfc062723c751e8b465ee728b)
Start importing Assets/AeonicTexturePack/Atex_Rock17.jpg using Guid(b3b656cca21f546f699d08c8ee074b8d) Importer(815301076,1909f56bfc062723c751e8b465ee728b)  -> (artifact id: '08140d6efba0d8a94a77b1c10593c605') in 0.006973 seconds 
========================================================================
Received Import Request.
  Time since last request: 0.000311 seconds.
  path: Assets/AeonicTexturePack/Atex_Rock16.jpg
  artifactKey: Guid(dc5e2701b82d34a9ab7da0717fe07076) Importer(815301076,1909f56bfc062723c751e8b465ee728b)
Start importing Assets/AeonicTexturePack/Atex_Rock16.jpg using Guid(dc5e2701b82d34a9ab7da0717fe07076) Importer(815301076,1909f56bfc062723c751e8b465ee728b)  -> (artifact id: '581f332781e9c1cd4232ff93fa892b39') in 0.006697 seconds 
========================================================================
Received Import Request.
  Time since last request: 0.000284 seconds.
  path: Assets/AeonicTexturePack/Atex_Rock14.jpg
  artifactKey: Guid(1e37030fd131446698e39f9f5a0159e6) Importer(815301076,1909f56bfc062723c751e8b465ee728b)
Start importing Assets/AeonicTexturePack/Atex_Rock14.jpg using Guid(1e37030fd131446698e39f9f5a0159e6) Importer(815301076,1909f56bfc062723c751e8b465ee728b)  -> (artifact id: '1163c3843b1e32ee1df9239aeee7d192') in 0.007567 seconds 
========================================================================
Received Import Request.
  Time since last request: 0.000300 seconds.
  path: Assets/AeonicTexturePack/Atex_Rock15.jpg
  artifactKey: Guid(71b7b4b9730674197ad10e324bce44b6) Importer(815301076,1909f56bfc062723c751e8b465ee728b)
Start importing Assets/AeonicTexturePack/Atex_Rock15.jpg using Guid(71b7b4b9730674197ad10e324bce44b6) Importer(815301076,1909f56bfc062723c751e8b465ee728b)  -> (artifact id: 'dc93531e387127c92b4c7a9b992063a8') in 0.006680 seconds 
========================================================================
Received Import Request.
  Time since last request: 0.000255 seconds.
  path: Assets/AeonicTexturePack/Atex_Rock12.jpg
  artifactKey: Guid(cf232666bd1f04c1a8a5a7f71eb60617) Importer(815301076,1909f56bfc062723c751e8b465ee728b)
Start importing Assets/AeonicTexturePack/Atex_Rock12.jpg using Guid(cf232666bd1f04c1a8a5a7f71eb60617) Importer(815301076,1909f56bfc062723c751e8b465ee728b)  -> (artifact id: 'c69a6b352da25f44bcac289782855db2') in 0.007406 seconds 
========================================================================
Received Import Request.
  Time since last request: 0.000307 seconds.
  path: Assets/AeonicTexturePack/Atex_Rock13.jpg
  artifactKey: Guid(e2178dc607c6a40acaf16e334f21d015) Importer(815301076,1909f56bfc062723c751e8b465ee728b)
Start importing Assets/AeonicTexturePack/Atex_Rock13.jpg using Guid(e2178dc607c6a40acaf16e334f21d015) Importer(815301076,1909f56bfc062723c751e8b465ee728b)  -> (artifact id: '0d217706e5af21d2a89975fb5b68257a') in 0.008014 seconds 
========================================================================
Received Import Request.
  Time since last request: 0.261113 seconds.
  path: Assets/AeonicTexturePack/Atex_Rock18.jpg
  artifactKey: Guid(465334f350e794031be1e8d88ab07ef4) Importer(815301076,1909f56bfc062723c751e8b465ee728b)
Start importing Assets/AeonicTexturePack/Atex_Rock18.jpg using Guid(465334f350e794031be1e8d88ab07ef4) Importer(815301076,1909f56bfc062723c751e8b465ee728b)  -> (artifact id: '1a3fc5b233f91d47cadc5fdb2abd8ad0') in 0.013574 seconds 
========================================================================
Received Import Request.
  Time since last request: 0.000615 seconds.
  path: Assets/AeonicTexturePack/Atex_Sand2.jpg
  artifactKey: Guid(08dc3212f57f84ac8acde53023070fb7) Importer(815301076,1909f56bfc062723c751e8b465ee728b)
Start importing Assets/AeonicTexturePack/Atex_Sand2.jpg using Guid(08dc3212f57f84ac8acde53023070fb7) Importer(815301076,1909f56bfc062723c751e8b465ee728b)  -> (artifact id: '919a3e0ff7ff58c6ff9f0fbfe129e4c5') in 0.014861 seconds 
========================================================================
Received Import Request.
  Time since last request: 0.000493 seconds.
  path: Assets/AeonicTexturePack/Atex_Rock19.jpg
  artifactKey: Guid(5047aaf5f4701447ea5f563f9131c646) Importer(815301076,1909f56bfc062723c751e8b465ee728b)
Start importing Assets/AeonicTexturePack/Atex_Rock19.jpg using Guid(5047aaf5f4701447ea5f563f9131c646) Importer(815301076,1909f56bfc062723c751e8b465ee728b)  -> (artifact id: '9dded0d5c8ae83d0b829386363e9b7e0') in 0.009230 seconds 
========================================================================
Received Import Request.
  Time since last request: 0.000302 seconds.
  path: Assets/AeonicTexturePack/Atex_Sand1.jpg
  artifactKey: Guid(8b428e4e6cc624a4c9235f69da8e3edb) Importer(815301076,1909f56bfc062723c751e8b465ee728b)
Start importing Assets/AeonicTexturePack/Atex_Sand1.jpg using Guid(8b428e4e6cc624a4c9235f69da8e3edb) Importer(815301076,1909f56bfc062723c751e8b465ee728b)  -> (artifact id: '52fe3161282671065e9e35355575bba4') in 0.007773 seconds 
========================================================================
Received Import Request.
  Time since last request: 0.000295 seconds.
  path: Assets/AeonicTexturePack/Atex_Snow4.jpg
  artifactKey: Guid(d8916bb29bc8d40b086290eabd69a9be) Importer(815301076,1909f56bfc062723c751e8b465ee728b)
Start importing Assets/AeonicTexturePack/Atex_Snow4.jpg using Guid(d8916bb29bc8d40b086290eabd69a9be) Importer(815301076,1909f56bfc062723c751e8b465ee728b)  -> (artifact id: 'b000a6c43751f02de5914e3a8d191c31') in 0.007089 seconds 
========================================================================
Received Import Request.
  Time since last request: 0.000257 seconds.
  path: Assets/AeonicTexturePack/Atex_Snow2.jpg
  artifactKey: Guid(3c4eba8a46a5a4aa5a00cb059b4f2ce4) Importer(815301076,1909f56bfc062723c751e8b465ee728b)
Start importing Assets/AeonicTexturePack/Atex_Snow2.jpg using Guid(3c4eba8a46a5a4aa5a00cb059b4f2ce4) Importer(815301076,1909f56bfc062723c751e8b465ee728b)  -> (artifact id: 'af6bf3d4fe9a3940f10a236f73bca767') in 0.005688 seconds 
========================================================================
Received Import Request.
  Time since last request: 0.000299 seconds.
  path: Assets/AeonicTexturePack/Atex_SnowDirt2.jpg
  artifactKey: Guid(cbc6c8225a70e4475b3b2f20c8a7ec98) Importer(815301076,1909f56bfc062723c751e8b465ee728b)
Start importing Assets/AeonicTexturePack/Atex_SnowDirt2.jpg using Guid(cbc6c8225a70e4475b3b2f20c8a7ec98) Importer(815301076,1909f56bfc062723c751e8b465ee728b)  -> (artifact id: '8dc402485a7e43f7210aafe2bc2fe561') in 0.007679 seconds 
========================================================================
Received Import Request.
  Time since last request: 0.000256 seconds.
  path: Assets/AeonicTexturePack/Atex_Snow6.jpg
  artifactKey: Guid(fa749c6a04ad34af5af35082813d7df8) Importer(815301076,1909f56bfc062723c751e8b465ee728b)
Start importing Assets/AeonicTexturePack/Atex_Snow6.jpg using Guid(fa749c6a04ad34af5af35082813d7df8) Importer(815301076,1909f56bfc062723c751e8b465ee728b)  -> (artifact id: '1984c596979c21573975fcca106aa4d1') in 0.007645 seconds 
========================================================================
Received Import Request.
  Time since last request: 0.000304 seconds.
  path: Assets/AeonicTexturePack/Atex_Snow1.jpg
  artifactKey: Guid(de70d1ae446e84ee5aa2ea6a420781e8) Importer(815301076,1909f56bfc062723c751e8b465ee728b)
Start importing Assets/AeonicTexturePack/Atex_Snow1.jpg using Guid(de70d1ae446e84ee5aa2ea6a420781e8) Importer(815301076,1909f56bfc062723c751e8b465ee728b)  -> (artifact id: 'dec1956bdcfd3f9022389b7ea5d5f0ee') in 0.007016 seconds 
========================================================================
Received Import Request.
  Time since last request: 0.000317 seconds.
  path: Assets/AeonicTexturePack/Atex_SnowDirt1.jpg
  artifactKey: Guid(7a2668fa90c6243329bda39399367ade) Importer(815301076,1909f56bfc062723c751e8b465ee728b)
Start importing Assets/AeonicTexturePack/Atex_SnowDirt1.jpg using Guid(7a2668fa90c6243329bda39399367ade) Importer(815301076,1909f56bfc062723c751e8b465ee728b)  -> (artifact id: 'f96075dffe110435888c5a7dfc16b433') in 0.007537 seconds 
========================================================================
Received Import Request.
  Time since last request: 0.000285 seconds.
  path: Assets/AeonicTexturePack/Atex_Snow3.jpg
  artifactKey: Guid(eff562511045e4a4a82c34d1bdd1f35f) Importer(815301076,1909f56bfc062723c751e8b465ee728b)
Start importing Assets/AeonicTexturePack/Atex_Snow3.jpg using Guid(eff562511045e4a4a82c34d1bdd1f35f) Importer(815301076,1909f56bfc062723c751e8b465ee728b)  -> (artifact id: 'e9db5e78142e8e9c0ae2b6833bd58ea2') in 0.006892 seconds 
========================================================================
Received Import Request.
  Time since last request: 0.000296 seconds.
  path: Assets/AeonicTexturePack/Atex_Snow5.jpg
  artifactKey: Guid(bc3f59c4275ba4c32b5901e7f263c820) Importer(815301076,1909f56bfc062723c751e8b465ee728b)
Start importing Assets/AeonicTexturePack/Atex_Snow5.jpg using Guid(bc3f59c4275ba4c32b5901e7f263c820) Importer(815301076,1909f56bfc062723c751e8b465ee728b)  -> (artifact id: 'e036151a8b998aec286f14b54319ef10') in 0.006998 seconds 
========================================================================
Received Import Request.
  Time since last request: 0.430629 seconds.
  path: Assets/AeonicTexturePack/Atex_Swamp1.jpg
  artifactKey: Guid(9b7c827a6d0c9422bbd2cd938babf257) Importer(815301076,1909f56bfc062723c751e8b465ee728b)
Start importing Assets/AeonicTexturePack/Atex_Swamp1.jpg using Guid(9b7c827a6d0c9422bbd2cd938babf257) Importer(815301076,1909f56bfc062723c751e8b465ee728b)  -> (artifact id: '0882e2e085d23675f30214422a84a39a') in 0.013498 seconds 
========================================================================
Received Import Request.
  Time since last request: 0.000530 seconds.
  path: Assets/AeonicTexturePack/Atex_Wetland2.jpg
  artifactKey: Guid(bcf1aee4cb4974e7694ecd794826771e) Importer(815301076,1909f56bfc062723c751e8b465ee728b)
Start importing Assets/AeonicTexturePack/Atex_Wetland2.jpg using Guid(bcf1aee4cb4974e7694ecd794826771e) Importer(815301076,1909f56bfc062723c751e8b465ee728b)  -> (artifact id: 'fcda515386b4aca50e96cb9b320ad7b5') in 0.010126 seconds 
========================================================================
Received Import Request.
  Time since last request: 0.000374 seconds.
  path: Assets/AeonicTexturePack/Atex_Wetland1.jpg
  artifactKey: Guid(70ad2695569e2454ea6caf1faa1853c0) Importer(815301076,1909f56bfc062723c751e8b465ee728b)
Start importing Assets/AeonicTexturePack/Atex_Wetland1.jpg using Guid(70ad2695569e2454ea6caf1faa1853c0) Importer(815301076,1909f56bfc062723c751e8b465ee728b)  -> (artifact id: 'f0c9376e9279c4318afc011c9af99491') in 0.008037 seconds 
========================================================================
Received Import Request.
  Time since last request: 0.000280 seconds.
  path: Assets/AeonicTexturePack/Atex_Vegetation2.jpg
  artifactKey: Guid(1368cbe84e5ef458787070c6ea7ae2ee) Importer(815301076,1909f56bfc062723c751e8b465ee728b)
Start importing Assets/AeonicTexturePack/Atex_Vegetation2.jpg using Guid(1368cbe84e5ef458787070c6ea7ae2ee) Importer(815301076,1909f56bfc062723c751e8b465ee728b)  -> (artifact id: '651007baf2921dd937756b2ab00f082c') in 0.006895 seconds 
========================================================================
Received Import Request.
  Time since last request: 0.000344 seconds.
  path: Assets/AeonicTexturePack/Atex_Vegetation1.jpg
  artifactKey: Guid(a4fedcb40a80e4e57b3b3d708aff9873) Importer(815301076,1909f56bfc062723c751e8b465ee728b)
Start importing Assets/AeonicTexturePack/Atex_Vegetation1.jpg using Guid(a4fedcb40a80e4e57b3b3d708aff9873) Importer(815301076,1909f56bfc062723c751e8b465ee728b)  -> (artifact id: '1cabaea51ae02c854944d1852e8fc791') in 0.006899 seconds 
========================================================================
Received Import Request.
  Time since last request: 0.000307 seconds.
  path: Assets/AeonicTexturePack/Atex_Wetland3.jpg
  artifactKey: Guid(125428743f86e4a50ad5873da341929c) Importer(815301076,1909f56bfc062723c751e8b465ee728b)
Start importing Assets/AeonicTexturePack/Atex_Wetland3.jpg using Guid(125428743f86e4a50ad5873da341929c) Importer(815301076,1909f56bfc062723c751e8b465ee728b)  -> (artifact id: 'a5205ec3fe7c338b88b2fc3d2930322c') in 0.007987 seconds 
========================================================================
Received Import Request.
  Time since last request: 0.000322 seconds.
  path: Assets/AeonicTexturePack/Atex_Wood1.jpg
  artifactKey: Guid(b9f5d1f565b41497a97590f506937b53) Importer(815301076,1909f56bfc062723c751e8b465ee728b)
Start importing Assets/AeonicTexturePack/Atex_Wood1.jpg using Guid(b9f5d1f565b41497a97590f506937b53) Importer(815301076,1909f56bfc062723c751e8b465ee728b)  -> (artifact id: '7a20221acfd90e54b5dc3fd0206c0f83') in 0.011493 seconds 
========================================================================
Received Import Request.
  Time since last request: 0.000283 seconds.
  path: Assets/AeonicTexturePack/Atex_Wood2.jpg
  artifactKey: Guid(df7aa623d6941407b9d3bb5af7bdc643) Importer(815301076,1909f56bfc062723c751e8b465ee728b)
Start importing Assets/AeonicTexturePack/Atex_Wood2.jpg using Guid(df7aa623d6941407b9d3bb5af7bdc643) Importer(815301076,1909f56bfc062723c751e8b465ee728b)  -> (artifact id: 'f9015dc5500c89c7b761cb7e7999e95b') in 0.008069 seconds 
========================================================================
Received Import Request.
  Time since last request: 13.083322 seconds.
  path: Assets/grass.terrainlayer
  artifactKey: Guid(b54ba235df3eb4d4a8eb70d04e2ee9a0) Importer(815301076,1909f56bfc062723c751e8b465ee728b)
Start importing Assets/grass.terrainlayer using Guid(b54ba235df3eb4d4a8eb70d04e2ee9a0) Importer(815301076,1909f56bfc062723c751e8b465ee728b)  -> (artifact id: '9686e23ba638a0f7fc01b84b7a82d76a') in 0.014660 seconds 
========================================================================
Received Import Request.
  Time since last request: 13.739929 seconds.
  path: Assets/NewLayer.terrainlayer
  artifactKey: Guid(b54ba235df3eb4d4a8eb70d04e2ee9a0) Importer(815301076,1909f56bfc062723c751e8b465ee728b)
Start importing Assets/NewLayer.terrainlayer using Guid(b54ba235df3eb4d4a8eb70d04e2ee9a0) Importer(815301076,1909f56bfc062723c751e8b465ee728b)  -> (artifact id: '5e21afff933a1d9bbe8b33df3afa991d') in 0.022939 seconds 
========================================================================
Received Import Request.
  Time since last request: 45.469917 seconds.
  path: Assets/grass.terrainlayer
  artifactKey: Guid(5e101aad22a480049a72e3e816d85aa0) Importer(815301076,1909f56bfc062723c751e8b465ee728b)
Start importing Assets/grass.terrainlayer using Guid(5e101aad22a480049a72e3e816d85aa0) Importer(815301076,1909f56bfc062723c751e8b465ee728b)  -> (artifact id: '3f141864a303370b4de5cac1689f2941') in 0.011626 seconds 
========================================================================
Received Import Request.
  Time since last request: 205.763245 seconds.
  path: Assets/rock.terrainlayer
  artifactKey: Guid(b54ba235df3eb4d4a8eb70d04e2ee9a0) Importer(815301076,1909f56bfc062723c751e8b465ee728b)
Start importing Assets/rock.terrainlayer using Guid(b54ba235df3eb4d4a8eb70d04e2ee9a0) Importer(815301076,1909f56bfc062723c751e8b465ee728b)  -> (artifact id: '849544478d1aa88bb3db9e1c5b7f59e0') in 0.010088 seconds 
========================================================================
Received Import Request.
  Time since last request: 156.454079 seconds.
  path: Assets/Terrain Assets/Trees Ambient-Occlusion/Bamboo.fbx
  artifactKey: Guid(10337ad1bd11abca11002b7b44295342) Importer(815301076,1909f56bfc062723c751e8b465ee728b)
Start importing Assets/Terrain Assets/Trees Ambient-Occlusion/Bamboo.fbx using Guid(10337ad1bd11abca11002b7b44295342) Importer(815301076,1909f56bfc062723c751e8b465ee728b)  -> (artifact id: '376643a49231ad7fb186715d3a99c678') in 0.283515 seconds 
========================================================================
Received Import Request.
  Time since last request: 244.207956 seconds.
  path: Assets/Terrain Assets/Rocks/RockMesh.fbx
  artifactKey: Guid(8e41f14c6552d48e6a7992aaecc808e4) Importer(815301076,1909f56bfc062723c751e8b465ee728b)
Start importing Assets/Terrain Assets/Rocks/RockMesh.fbx using Guid(8e41f14c6552d48e6a7992aaecc808e4) Importer(815301076,1909f56bfc062723c751e8b465ee728b)  -> (artifact id: '82b7f1fa2bc31c4702e80bbcbd29bce5') in 0.018450 seconds 
========================================================================
Received Import Request.
  Time since last request: 33.647197 seconds.
  path: Assets/Terrain Assets/Trees Ambient-Occlusion/Willow.fbx
  artifactKey: Guid(2a44e858bd119bca11002b7b44295342) Importer(815301076,1909f56bfc062723c751e8b465ee728b)
Start importing Assets/Terrain Assets/Trees Ambient-Occlusion/Willow.fbx using Guid(2a44e858bd119bca11002b7b44295342) Importer(815301076,1909f56bfc062723c751e8b465ee728b)  -> (artifact id: '325b9d7023e495f5a0090d84e873f740') in 0.016286 seconds 
========================================================================
Received Import Request.
  Time since last request: 124.207428 seconds.
  path: Assets/AeonicTexturePack/Atex_Wood3.jpg
  artifactKey: Guid(d7648a1c6296f43b0a0f9d0cd72be739) Importer(815301076,1909f56bfc062723c751e8b465ee728b)
Start importing Assets/AeonicTexturePack/Atex_Wood3.jpg using Guid(d7648a1c6296f43b0a0f9d0cd72be739) Importer(815301076,1909f56bfc062723c751e8b465ee728b)  -> (artifact id: 'c65346b8fb5e873691647e06c7a1c299') in 0.008548 seconds 
========================================================================
Received Import Request.
  Time since last request: 0.000269 seconds.
  path: Assets/AeonicTexturePack/Atex_Wood8.jpg
  artifactKey: Guid(1a378b61a88794346bb69d9ddb138901) Importer(815301076,1909f56bfc062723c751e8b465ee728b)
Start importing Assets/AeonicTexturePack/Atex_Wood8.jpg using Guid(1a378b61a88794346bb69d9ddb138901) Importer(815301076,1909f56bfc062723c751e8b465ee728b)  -> (artifact id: 'c01a12857bbf31bd066b77fc2032f473') in 0.006445 seconds 
========================================================================
Received Import Request.
  Time since last request: 0.000313 seconds.
  path: Assets/AeonicTexturePack/Atex_Wood6.jpg
  artifactKey: Guid(f2c2004b1b5064f6f852acce10355b72) Importer(815301076,1909f56bfc062723c751e8b465ee728b)
Start importing Assets/AeonicTexturePack/Atex_Wood6.jpg using Guid(f2c2004b1b5064f6f852acce10355b72) Importer(815301076,1909f56bfc062723c751e8b465ee728b)  -> (artifact id: '235ec05cae5aecf198b0c63732b57cd3') in 0.008548 seconds 
========================================================================
Received Import Request.
  Time since last request: 0.000280 seconds.
  path: Assets/AeonicTexturePack/Atex_Wood7.jpg
  artifactKey: Guid(59aa96a28c32043de836d0d09ff9570e) Importer(815301076,1909f56bfc062723c751e8b465ee728b)
Start importing Assets/AeonicTexturePack/Atex_Wood7.jpg using Guid(59aa96a28c32043de836d0d09ff9570e) Importer(815301076,1909f56bfc062723c751e8b465ee728b)  -> (artifact id: 'b6f6b0fbd33ee7b275b4ebdab22f6c11') in 0.007373 seconds 
========================================================================
Received Import Request.
  Time since last request: 0.000249 seconds.
  path: Assets/AeonicTexturePack/Atex_Wood10.jpg
  artifactKey: Guid(00f78d70a802349d192a563d8fbb553c) Importer(815301076,1909f56bfc062723c751e8b465ee728b)
Start importing Assets/AeonicTexturePack/Atex_Wood10.jpg using Guid(00f78d70a802349d192a563d8fbb553c) Importer(815301076,1909f56bfc062723c751e8b465ee728b)  -> (artifact id: '321ad3e9e91748a12c82021a885aa1c0') in 0.006802 seconds 
========================================================================
Received Import Request.
  Time since last request: 0.000271 seconds.
  path: Assets/Terrain Assets/Trees Ambient-Occlusion/Textures/BananaPlantTexture.psd
  artifactKey: Guid(f07b0c8ecd118f12a000e6888f962b59) Importer(815301076,1909f56bfc062723c751e8b465ee728b)
Start importing Assets/Terrain Assets/Trees Ambient-Occlusion/Textures/BananaPlantTexture.psd using Guid(f07b0c8ecd118f12a000e6888f962b59) Importer(815301076,1909f56bfc062723c751e8b465ee728b)  -> (artifact id: 'a5d71be5426b1d4628de57beea059162') in 0.006318 seconds 
========================================================================
Received Import Request.
  Time since last request: 0.000264 seconds.
  path: Assets/AeonicTexturePack/Atex_Wood11.jpg
  artifactKey: Guid(7a579172200b442dab7f658caa106671) Importer(815301076,1909f56bfc062723c751e8b465ee728b)
Start importing Assets/AeonicTexturePack/Atex_Wood11.jpg using Guid(7a579172200b442dab7f658caa106671) Importer(815301076,1909f56bfc062723c751e8b465ee728b)  -> (artifact id: 'cceca2a48f40e4926d32109a031bf756') in 0.006270 seconds 
========================================================================
Received Import Request.
  Time since last request: 0.000317 seconds.
  path: Assets/AeonicTexturePack/Atex_Wood9.jpg
  artifactKey: Guid(79ec9f4ef998843939d66c28acebabd5) Importer(815301076,1909f56bfc062723c751e8b465ee728b)
Start importing Assets/AeonicTexturePack/Atex_Wood9.jpg using Guid(79ec9f4ef998843939d66c28acebabd5) Importer(815301076,1909f56bfc062723c751e8b465ee728b)  -> (artifact id: '6e5673f89c8c1e0f1f344cf357d4d1e1') in 0.007540 seconds 
========================================================================
Received Import Request.
  Time since last request: 0.000266 seconds.
  path: Assets/AeonicTexturePack/Atex_WoodChips.jpg
  artifactKey: Guid(f35367ab5fbb244b89d0b2b6b4cb3f9a) Importer(815301076,1909f56bfc062723c751e8b465ee728b)
Start importing Assets/AeonicTexturePack/Atex_WoodChips.jpg using Guid(f35367ab5fbb244b89d0b2b6b4cb3f9a) Importer(815301076,1909f56bfc062723c751e8b465ee728b)  -> (artifact id: '2d8bc032f6516018c272625a90288673') in 0.006925 seconds 
========================================================================
Received Import Request.
  Time since last request: 0.000300 seconds.
  path: Assets/AeonicTexturePack/Atex_Wood5.jpg
  artifactKey: Guid(e35e4eee2ed304077955f59989b44ff4) Importer(815301076,1909f56bfc062723c751e8b465ee728b)
Start importing Assets/AeonicTexturePack/Atex_Wood5.jpg using Guid(e35e4eee2ed304077955f59989b44ff4) Importer(815301076,1909f56bfc062723c751e8b465ee728b)  -> (artifact id: '6f460844f87c64992f7ab5c24182e79c') in 0.007216 seconds 
========================================================================
Received Import Request.
  Time since last request: 0.000290 seconds.
  path: Assets/Terrain Assets/Trees Ambient-Occlusion/Textures/Bamboo.psd
  artifactKey: Guid(84dcdf96bd116869a000fb488f962b59) Importer(815301076,1909f56bfc062723c751e8b465ee728b)
Start importing Assets/Terrain Assets/Trees Ambient-Occlusion/Textures/Bamboo.psd using Guid(84dcdf96bd116869a000fb488f962b59) Importer(815301076,1909f56bfc062723c751e8b465ee728b)  -> (artifact id: '6c33b892d70df5b89af4b806a816d7cf') in 0.006400 seconds 
========================================================================
Received Import Request.
  Time since last request: 0.000291 seconds.
  path: Assets/AeonicTexturePack/Atex_Wood4.jpg
  artifactKey: Guid(c0afc0990a99342a9bd0b7b59053e908) Importer(815301076,1909f56bfc062723c751e8b465ee728b)
Start importing Assets/AeonicTexturePack/Atex_Wood4.jpg using Guid(c0afc0990a99342a9bd0b7b59053e908) Importer(815301076,1909f56bfc062723c751e8b465ee728b)  -> (artifact id: '9a576af181b5b78dae0f3e7f72ff8454') in 0.010354 seconds 
========================================================================
Received Import Request.
  Time since last request: 0.104521 seconds.
  path: Assets/Terrain Assets/Trees Ambient-Occlusion/Textures/BanyanBark.psd
  artifactKey: Guid(8f497036cd1127b2a000251b8f962b59) Importer(815301076,1909f56bfc062723c751e8b465ee728b)
Start importing Assets/Terrain Assets/Trees Ambient-Occlusion/Textures/BanyanBark.psd using Guid(8f497036cd1127b2a000251b8f962b59) Importer(815301076,1909f56bfc062723c751e8b465ee728b)  -> (artifact id: '403159c2289fda67a66377900a87111f') in 0.008869 seconds 
========================================================================
Received Import Request.
  Time since last request: 0.000359 seconds.
  path: Assets/Terrain Assets/Trees Ambient-Occlusion/Textures/BanyanBranches.psd
  artifactKey: Guid(74797036cd1127b2a000251b8f962b59) Importer(815301076,1909f56bfc062723c751e8b465ee728b)
Start importing Assets/Terrain Assets/Trees Ambient-Occlusion/Textures/BanyanBranches.psd using Guid(74797036cd1127b2a000251b8f962b59) Importer(815301076,1909f56bfc062723c751e8b465ee728b)  -> (artifact id: '9ea1cacb1874aa0bc0b04ab7ec0efb3d') in 0.006799 seconds 
========================================================================
Received Import Request.
  Time since last request: 0.000287 seconds.
  path: Assets/Terrain Assets/Bushes/Textures/Bush6.psd
  artifactKey: Guid(bf5ddf96bd116869a000fb488f962b59) Importer(815301076,1909f56bfc062723c751e8b465ee728b)
Start importing Assets/Terrain Assets/Bushes/Textures/Bush6.psd using Guid(bf5ddf96bd116869a000fb488f962b59) Importer(815301076,1909f56bfc062723c751e8b465ee728b)  -> (artifact id: 'a68d54877641a5400673d2ab5688720d') in 0.006372 seconds 
========================================================================
Received Import Request.
  Time since last request: 0.000262 seconds.
  path: Assets/Terrain Assets/Bushes/Textures/Bush1.psd
  artifactKey: Guid(44f76043bd112e38a00062d88f962b59) Importer(815301076,1909f56bfc062723c751e8b465ee728b)
Start importing Assets/Terrain Assets/Bushes/Textures/Bush1.psd using Guid(44f76043bd112e38a00062d88f962b59) Importer(815301076,1909f56bfc062723c751e8b465ee728b)  -> (artifact id: '0e403abf42acccb8bc4fb4a43a211fa4') in 0.006134 seconds 
========================================================================
Received Import Request.
  Time since last request: 0.000268 seconds.
  path: Assets/Terrain Assets/Bushes/Textures/Bush2.psd
  artifactKey: Guid(420ddf96bd116869a000fb488f962b59) Importer(815301076,1909f56bfc062723c751e8b465ee728b)
Start importing Assets/Terrain Assets/Bushes/Textures/Bush2.psd using Guid(420ddf96bd116869a000fb488f962b59) Importer(815301076,1909f56bfc062723c751e8b465ee728b)  -> (artifact id: 'c2ba40e03e27935f283bc2b3f517ddf5') in 0.006015 seconds 
========================================================================
Received Import Request.
  Time since last request: 0.000293 seconds.
  path: Assets/Terrain Assets/Textures/Cliff (Grassy).jpg
  artifactKey: Guid(34d6d98f8d3184e94aee664e99601940) Importer(815301076,1909f56bfc062723c751e8b465ee728b)
Start importing Assets/Terrain Assets/Textures/Cliff (Grassy).jpg using Guid(34d6d98f8d3184e94aee664e99601940) Importer(815301076,1909f56bfc062723c751e8b465ee728b)  -> (artifact id: '12d8a11e4396a009d2f39ec06063710f') in 0.006866 seconds 
========================================================================
Received Import Request.
  Time since last request: 0.000279 seconds.
  path: Assets/Terrain Assets/Textures/Cliff (Layered Rock).jpg
  artifactKey: Guid(e13ad7a9d4dc84697aaa540e7548d65b) Importer(815301076,1909f56bfc062723c751e8b465ee728b)
Start importing Assets/Terrain Assets/Textures/Cliff (Layered Rock).jpg using Guid(e13ad7a9d4dc84697aaa540e7548d65b) Importer(815301076,1909f56bfc062723c751e8b465ee728b)  -> (artifact id: '77849613d00948c05ddb2ea752691c0a') in 0.007264 seconds 
========================================================================
Received Import Request.
  Time since last request: 0.000264 seconds.
  path: Assets/Terrain Assets/Textures/DirtGrass.jpg
  artifactKey: Guid(0a701d8ff65ec4ea0b399612431785d0) Importer(815301076,1909f56bfc062723c751e8b465ee728b)
Start importing Assets/Terrain Assets/Textures/DirtGrass.jpg using Guid(0a701d8ff65ec4ea0b399612431785d0) Importer(815301076,1909f56bfc062723c751e8b465ee728b)  -> (artifact id: 'b25dd14e65cef0ce531cacfbe088b0b8') in 0.006753 seconds 
========================================================================
Received Import Request.
  Time since last request: 0.000275 seconds.
  path: Assets/Terrain Assets/Bushes/Textures/Ferns.psd
  artifactKey: Guid(a65d3373cd11cd72a00009188f962b59) Importer(815301076,1909f56bfc062723c751e8b465ee728b)
Start importing Assets/Terrain Assets/Bushes/Textures/Ferns.psd using Guid(a65d3373cd11cd72a00009188f962b59) Importer(815301076,1909f56bfc062723c751e8b465ee728b)  -> (artifact id: '6051a8da77aaf712b9560ce3f4cbb908') in 0.006655 seconds 
========================================================================
Received Import Request.
  Time since last request: 0.000349 seconds.
  path: Assets/Terrain Assets/Bushes/Textures/Bush7.psd
  artifactKey: Guid(ae6ddf96bd116869a000fb488f962b59) Importer(815301076,1909f56bfc062723c751e8b465ee728b)
Start importing Assets/Terrain Assets/Bushes/Textures/Bush7.psd using Guid(ae6ddf96bd116869a000fb488f962b59) Importer(815301076,1909f56bfc062723c751e8b465ee728b)  -> (artifact id: 'df4a3b30c38522a96933ad98263da6d0') in 0.007224 seconds 
========================================================================
Received Import Request.
  Time since last request: 0.000253 seconds.
  path: Assets/Terrain Assets/Bushes/Textures/Fern.psd
  artifactKey: Guid(8eecda2bcd110cb2a00086688f962b59) Importer(815301076,1909f56bfc062723c751e8b465ee728b)
Start importing Assets/Terrain Assets/Bushes/Textures/Fern.psd using Guid(8eecda2bcd110cb2a00086688f962b59) Importer(815301076,1909f56bfc062723c751e8b465ee728b)  -> (artifact id: '7713d2644aef0509855a9393c6161910') in 0.007535 seconds 
========================================================================
Received Import Request.
  Time since last request: 0.000293 seconds.
  path: Assets/Terrain Assets/Grass/Fern.psd
  artifactKey: Guid(ba0dbc11bd11158b1100de1b44295342) Importer(815301076,1909f56bfc062723c751e8b465ee728b)
Start importing Assets/Terrain Assets/Grass/Fern.psd using Guid(ba0dbc11bd11158b1100de1b44295342) Importer(815301076,1909f56bfc062723c751e8b465ee728b)  -> (artifact id: 'd3053827d577bd1eb2fe917c4bbdad95') in 0.005976 seconds 
========================================================================
Received Import Request.
  Time since last request: 0.000259 seconds.
  path: Assets/Terrain Assets/Bushes/Textures/Bush3.psd
  artifactKey: Guid(902ddf96bd116869a000fb488f962b59) Importer(815301076,1909f56bfc062723c751e8b465ee728b)
Start importing Assets/Terrain Assets/Bushes/Textures/Bush3.psd using Guid(902ddf96bd116869a000fb488f962b59) Importer(815301076,1909f56bfc062723c751e8b465ee728b)  -> (artifact id: '1f7112e4d8715478eca366042e3d2ca8') in 0.006095 seconds 
========================================================================
Received Import Request.
  Time since last request: 0.000323 seconds.
  path: Assets/Terrain Assets/Textures/Cliff (Sandstone).jpg
  artifactKey: Guid(3ffff2a8fc18d41f397a20acec4e6b0c) Importer(815301076,1909f56bfc062723c751e8b465ee728b)
Start importing Assets/Terrain Assets/Textures/Cliff (Sandstone).jpg using Guid(3ffff2a8fc18d41f397a20acec4e6b0c) Importer(815301076,1909f56bfc062723c751e8b465ee728b)  -> (artifact id: '83739627e3fd746939d6aa57b9c67725') in 0.009333 seconds 
========================================================================
Received Import Request.
  Time since last request: 0.000285 seconds.
  path: Assets/Terrain Assets/Bushes/Textures/Bush5.psd
  artifactKey: Guid(df4ddf96bd116869a000fb488f962b59) Importer(815301076,1909f56bfc062723c751e8b465ee728b)
Start importing Assets/Terrain Assets/Bushes/Textures/Bush5.psd using Guid(df4ddf96bd116869a000fb488f962b59) Importer(815301076,1909f56bfc062723c751e8b465ee728b)  -> (artifact id: 'cd80e6a4b34d1f1148c071fd666cf289') in 0.007710 seconds 
========================================================================
Received Import Request.
  Time since last request: 0.000388 seconds.
  path: Assets/Terrain Assets/Bushes/Textures/Bush4.psd
  artifactKey: Guid(7e3ddf96bd116869a000fb488f962b59) Importer(815301076,1909f56bfc062723c751e8b465ee728b)
Start importing Assets/Terrain Assets/Bushes/Textures/Bush4.psd using Guid(7e3ddf96bd116869a000fb488f962b59) Importer(815301076,1909f56bfc062723c751e8b465ee728b)  -> (artifact id: 'ce6aef539ead247d28ca8ae51e9c63c0') in 0.007096 seconds 
========================================================================
Received Import Request.
  Time since last request: 0.108622 seconds.
  path: Assets/Terrain Assets/Textures/Forest Floor.jpg
  artifactKey: Guid(17ce60bc10e844e5a99f5ec8937e6bac) Importer(815301076,1909f56bfc062723c751e8b465ee728b)
Start importing Assets/Terrain Assets/Textures/Forest Floor.jpg using Guid(17ce60bc10e844e5a99f5ec8937e6bac) Importer(815301076,1909f56bfc062723c751e8b465ee728b)  -> (artifact id: '3d708dad8a02bcb01d9b75793fb286a1') in 0.014070 seconds 
========================================================================
Received Import Request.
  Time since last request: 0.000578 seconds.
  path: Assets/Terrain Assets/Textures/Grass (Meadows2).jpg
  artifactKey: Guid(4eedb15fd8a014129ae94b054187cc82) Importer(815301076,1909f56bfc062723c751e8b465ee728b)
Start importing Assets/Terrain Assets/Textures/Grass (Meadows2).jpg using Guid(4eedb15fd8a014129ae94b054187cc82) Importer(815301076,1909f56bfc062723c751e8b465ee728b)  -> (artifact id: '172784e1ade464d51446236dd9cb42e1') in 0.015662 seconds 
========================================================================
Received Import Request.
  Time since last request: 0.000592 seconds.
  path: Assets/Terrain Assets/Textures/Grass (Hill).jpg
  artifactKey: Guid(c25a06c9c28fd4e4292b3e9a129715d5) Importer(815301076,1909f56bfc062723c751e8b465ee728b)
Start importing Assets/Terrain Assets/Textures/Grass (Hill).jpg using Guid(c25a06c9c28fd4e4292b3e9a129715d5) Importer(815301076,1909f56bfc062723c751e8b465ee728b)  -> (artifact id: 'bdc8a07e5f2d9f870c69d6bd20913fb0') in 0.011014 seconds 
========================================================================
Received Import Request.
  Time since last request: 0.000354 seconds.
  path: Assets/Terrain Assets/Textures/Grass (Lawn).jpg
  artifactKey: Guid(3dc72defe1ae44cfc9e2ed6d9612b784) Importer(815301076,1909f56bfc062723c751e8b465ee728b)
Start importing Assets/Terrain Assets/Textures/Grass (Lawn).jpg using Guid(3dc72defe1ae44cfc9e2ed6d9612b784) Importer(815301076,1909f56bfc062723c751e8b465ee728b)  -> (artifact id: '41b224d71f4cad84424e3862a972cb51') in 0.008691 seconds 
========================================================================
Received Import Request.
  Time since last request: 0.000291 seconds.
  path: Assets/Terrain Assets/Grass/Grass.psd
  artifactKey: Guid(4c3440f2bd11488b1100df5944295342) Importer(815301076,1909f56bfc062723c751e8b465ee728b)
Start importing Assets/Terrain Assets/Grass/Grass.psd using Guid(4c3440f2bd11488b1100df5944295342) Importer(815301076,1909f56bfc062723c751e8b465ee728b)  -> (artifact id: '1024f50913fd48e8101b5adfa79003b8') in 0.005908 seconds 
========================================================================
Received Import Request.
  Time since last request: 0.000309 seconds.
  path: Assets/Terrain Assets/Trees Ambient-Occlusion/Textures/MimosaBark.PSD
  artifactKey: Guid(2ab51c8ecd118f12a000e6888f962b59) Importer(815301076,1909f56bfc062723c751e8b465ee728b)
Start importing Assets/Terrain Assets/Trees Ambient-Occlusion/Textures/MimosaBark.PSD using Guid(2ab51c8ecd118f12a000e6888f962b59) Importer(815301076,1909f56bfc062723c751e8b465ee728b)  -> (artifact id: '3b2f9237b47c0ec026b5cf74000cf3b8') in 0.006246 seconds 
========================================================================
Received Import Request.
  Time since last request: 0.000321 seconds.
  path: Assets/Terrain Assets/Textures/Grass&Rock.jpg
  artifactKey: Guid(81610d5a58249449683de3278e6b7a5a) Importer(815301076,1909f56bfc062723c751e8b465ee728b)
Start importing Assets/Terrain Assets/Textures/Grass&Rock.jpg using Guid(81610d5a58249449683de3278e6b7a5a) Importer(815301076,1909f56bfc062723c751e8b465ee728b)  -> (artifact id: '26984af3db95f48ae28bf6965f791553') in 0.006965 seconds 
========================================================================
Received Import Request.
  Time since last request: 0.000242 seconds.
  path: Assets/Terrain Assets/Trees Ambient-Occlusion/Textures/JapaneseMapleBranch.psd
  artifactKey: Guid(6468622abd11e9f9a0003c6b8f962b59) Importer(815301076,1909f56bfc062723c751e8b465ee728b)
Start importing Assets/Terrain Assets/Trees Ambient-Occlusion/Textures/JapaneseMapleBranch.psd using Guid(6468622abd11e9f9a0003c6b8f962b59) Importer(815301076,1909f56bfc062723c751e8b465ee728b)  -> (artifact id: 'bb98f5e5f460cb2b676368eac5bf3820') in 0.006785 seconds 
========================================================================
Received Import Request.
  Time since last request: 0.000233 seconds.
  path: Assets/Terrain Assets/Trees Ambient-Occlusion/Textures/PalmBranch.psd
  artifactKey: Guid(689a1c8ecd118f12a000e6888f962b59) Importer(815301076,1909f56bfc062723c751e8b465ee728b)
Start importing Assets/Terrain Assets/Trees Ambient-Occlusion/Textures/PalmBranch.psd using Guid(689a1c8ecd118f12a000e6888f962b59) Importer(815301076,1909f56bfc062723c751e8b465ee728b)  -> (artifact id: '7aa6c982476c20753c3b7f23bcbfc3da') in 0.006234 seconds 
========================================================================
Received Import Request.
  Time since last request: 0.000261 seconds.
  path: Assets/Terrain Assets/Trees Ambient-Occlusion/Textures/JapaneseBark.PSD
  artifactKey: Guid(4118622abd11e9f9a0003c6b8f962b59) Importer(815301076,1909f56bfc062723c751e8b465ee728b)
Start importing Assets/Terrain Assets/Trees Ambient-Occlusion/Textures/JapaneseBark.PSD using Guid(4118622abd11e9f9a0003c6b8f962b59) Importer(815301076,1909f56bfc062723c751e8b465ee728b)  -> (artifact id: '1c006cbc7d17f48e57e5dfd134b9e2b2') in 0.007697 seconds 
========================================================================
Received Import Request.
  Time since last request: 0.000236 seconds.
  path: Assets/Terrain Assets/Textures/Grass (Meadows).jpg
  artifactKey: Guid(46ae0649924b543a6bb192dd3c93b89e) Importer(815301076,1909f56bfc062723c751e8b465ee728b)
Start importing Assets/Terrain Assets/Textures/Grass (Meadows).jpg using Guid(46ae0649924b543a6bb192dd3c93b89e) Importer(815301076,1909f56bfc062723c751e8b465ee728b)  -> (artifact id: '952299be9edfa9fab3b00765592385a0') in 0.006932 seconds 
========================================================================
Received Import Request.
  Time since last request: 0.000310 seconds.
  path: Assets/Terrain Assets/Textures/Grass (Muddy).jpg
  artifactKey: Guid(ace73706619b14e8e9cefecea8b025b1) Importer(815301076,1909f56bfc062723c751e8b465ee728b)
Start importing Assets/Terrain Assets/Textures/Grass (Muddy).jpg using Guid(ace73706619b14e8e9cefecea8b025b1) Importer(815301076,1909f56bfc062723c751e8b465ee728b)  -> (artifact id: 'b6c696e51e629bdffdef984a06ed4db5') in 0.011291 seconds 
========================================================================
Received Import Request.
  Time since last request: 0.000292 seconds.
  path: Assets/Terrain Assets/Trees Ambient-Occlusion/Textures/PalmBark.psd
  artifactKey: Guid(908a1c8ecd118f12a000e6888f962b59) Importer(815301076,1909f56bfc062723c751e8b465ee728b)
Start importing Assets/Terrain Assets/Trees Ambient-Occlusion/Textures/PalmBark.psd using Guid(908a1c8ecd118f12a000e6888f962b59) Importer(815301076,1909f56bfc062723c751e8b465ee728b)  -> (artifact id: '2b90983962e310636a54c9fb790a93be') in 0.006532 seconds 
========================================================================
Received Import Request.
  Time since last request: 0.000297 seconds.
  path: Assets/Terrain Assets/Trees Ambient-Occlusion/Textures/MimosaBranch.psd
  artifactKey: Guid(fbd51c8ecd118f12a000e6888f962b59) Importer(815301076,1909f56bfc062723c751e8b465ee728b)
Start importing Assets/Terrain Assets/Trees Ambient-Occlusion/Textures/MimosaBranch.psd using Guid(fbd51c8ecd118f12a000e6888f962b59) Importer(815301076,1909f56bfc062723c751e8b465ee728b)  -> (artifact id: '5d42663acbfb54274da02e75288a75fe') in 0.006341 seconds 
========================================================================
Received Import Request.
  Time since last request: 0.000270 seconds.
  path: Assets/Terrain Assets/Textures/GoodDirt.jpg
  artifactKey: Guid(8d76c0974bfe14f39a626cde8db7fa8c) Importer(815301076,1909f56bfc062723c751e8b465ee728b)
Start importing Assets/Terrain Assets/Textures/GoodDirt.jpg using Guid(8d76c0974bfe14f39a626cde8db7fa8c) Importer(815301076,1909f56bfc062723c751e8b465ee728b)  -> (artifact id: 'bc2e9e2b41540ff2aab72e674cf1a65a') in 0.007412 seconds 
========================================================================
Received Import Request.
  Time since last request: 0.000258 seconds.
  path: Assets/Terrain Assets/Textures/Path (Rocky).jpg
  artifactKey: Guid(1cf0ffff99a8a45ff822b67a5f55bab2) Importer(815301076,1909f56bfc062723c751e8b465ee728b)
Start importing Assets/Terrain Assets/Textures/Path (Rocky).jpg using Guid(1cf0ffff99a8a45ff822b67a5f55bab2) Importer(815301076,1909f56bfc062723c751e8b465ee728b)  -> (artifact id: '88718658e8f4b2c3f0f762d77cf50205') in 0.007148 seconds 
========================================================================
Received Import Request.
  Time since last request: 0.071634 seconds.
  path: Assets/Terrain Assets/Textures/Pebbles.jpg
  artifactKey: Guid(28d52b76ebf044066bd2c4dc2002fd73) Importer(815301076,1909f56bfc062723c751e8b465ee728b)
Start importing Assets/Terrain Assets/Textures/Pebbles.jpg using Guid(28d52b76ebf044066bd2c4dc2002fd73) Importer(815301076,1909f56bfc062723c751e8b465ee728b)  -> (artifact id: '4f8dcbcca6326a5e7735caede16e8acb') in 0.008984 seconds 
========================================================================
Received Import Request.
  Time since last request: 0.000355 seconds.
  path: Assets/Terrain Assets/Textures/Rocky Dirt.jpg
  artifactKey: Guid(1a096c027adee46b18026c1883d94a09) Importer(815301076,1909f56bfc062723c751e8b465ee728b)
Start importing Assets/Terrain Assets/Textures/Rocky Dirt.jpg using Guid(1a096c027adee46b18026c1883d94a09) Importer(815301076,1909f56bfc062723c751e8b465ee728b)  -> (artifact id: 'f7a9a997128bb6585f9894d9192b4341') in 0.009443 seconds 
========================================================================
Received Import Request.
  Time since last request: 0.000363 seconds.
  path: Assets/Terrain Assets/Textures/Rock (Moss).jpg
  artifactKey: Guid(641982c041fad4d7191e007dba791985) Importer(815301076,1909f56bfc062723c751e8b465ee728b)
Start importing Assets/Terrain Assets/Textures/Rock (Moss).jpg using Guid(641982c041fad4d7191e007dba791985) Importer(815301076,1909f56bfc062723c751e8b465ee728b)  -> (artifact id: '33b5469113e741280bf5a3fb5c99ba1d') in 0.009196 seconds 
========================================================================
Received Import Request.
  Time since last request: 0.000358 seconds.
  path: Assets/Terrain Assets/Textures/Rock (Basic).jpg
  artifactKey: Guid(345418dca1b954db19f7dadbe7e6ee8a) Importer(815301076,1909f56bfc062723c751e8b465ee728b)
Start importing Assets/Terrain Assets/Textures/Rock (Basic).jpg using Guid(345418dca1b954db19f7dadbe7e6ee8a) Importer(815301076,1909f56bfc062723c751e8b465ee728b)  -> (artifact id: '2740278e41372065449ad65e69fa1988') in 0.010262 seconds 
========================================================================
Received Import Request.
  Time since last request: 0.000929 seconds.
  path: Assets/Terrain Assets/Textures/Sand (Beach Wet2).jpg
  artifactKey: Guid(fb09b5570f5544f53848f02aac9c4f9c) Importer(815301076,1909f56bfc062723c751e8b465ee728b)
Start importing Assets/Terrain Assets/Textures/Sand (Beach Wet2).jpg using Guid(fb09b5570f5544f53848f02aac9c4f9c) Importer(815301076,1909f56bfc062723c751e8b465ee728b)  -> (artifact id: 'e63003cd492312c1f9b60bfb53d727b8') in 0.010968 seconds 
========================================================================
Received Import Request.
  Time since last request: 0.000284 seconds.
  path: Assets/Terrain Assets/Trees Ambient-Occlusion/Textures/ScotsPinebranches.psd
  artifactKey: Guid(a3f12a31bd1113061100b7a844295342) Importer(815301076,1909f56bfc062723c751e8b465ee728b)
Start importing Assets/Terrain Assets/Trees Ambient-Occlusion/Textures/ScotsPinebranches.psd using Guid(a3f12a31bd1113061100b7a844295342) Importer(815301076,1909f56bfc062723c751e8b465ee728b)  -> (artifact id: 'd7d86bf1c550d656f6317db1dd1a340e') in 0.006374 seconds 
========================================================================
Received Import Request.
  Time since last request: 0.000285 seconds.
  path: Assets/Terrain Assets/Trees Ambient-Occlusion/Textures/ScotsPineTrunk.psd
  artifactKey: Guid(c9f636a2b314ed36c25fd64b70184ce4) Importer(815301076,1909f56bfc062723c751e8b465ee728b)
Start importing Assets/Terrain Assets/Trees Ambient-Occlusion/Textures/ScotsPineTrunk.psd using Guid(c9f636a2b314ed36c25fd64b70184ce4) Importer(815301076,1909f56bfc062723c751e8b465ee728b)  -> (artifact id: '9045e047171aa159f657b95c313e8e9d') in 0.006721 seconds 
========================================================================
Received Import Request.
  Time since last request: 0.000285 seconds.
  path: Assets/Terrain Assets/Textures/Sand (Beach).jpg
  artifactKey: Guid(58e0577615c6d407a81c5d0c67459545) Importer(815301076,1909f56bfc062723c751e8b465ee728b)
Start importing Assets/Terrain Assets/Textures/Sand (Beach).jpg using Guid(58e0577615c6d407a81c5d0c67459545) Importer(815301076,1909f56bfc062723c751e8b465ee728b)  -> (artifact id: '12c6bb5b9c286535ff0784e61a1fa2ec') in 0.007069 seconds 
========================================================================
Received Import Request.
  Time since last request: 0.000271 seconds.
  path: Assets/Terrain Assets/Trees Ambient-Occlusion/Textures/SycamoreBark4.psd
  artifactKey: Guid(2bb05b46bd116595110054c944295342) Importer(815301076,1909f56bfc062723c751e8b465ee728b)
Start importing Assets/Terrain Assets/Trees Ambient-Occlusion/Textures/SycamoreBark4.psd using Guid(2bb05b46bd116595110054c944295342) Importer(815301076,1909f56bfc062723c751e8b465ee728b)  -> (artifact id: '8b406e11e40897e1f8f626500f0a57f9') in 0.006554 seconds 
========================================================================
Received Import Request.
  Time since last request: 0.000322 seconds.
  path: Assets/Terrain Assets/Textures/Sand (with pebbles).jpg
  artifactKey: Guid(9d5a367c7b85746008744fb5eb1c92be) Importer(815301076,1909f56bfc062723c751e8b465ee728b)
Start importing Assets/Terrain Assets/Textures/Sand (with pebbles).jpg using Guid(9d5a367c7b85746008744fb5eb1c92be) Importer(815301076,1909f56bfc062723c751e8b465ee728b)  -> (artifact id: 'a19c2bc73917c56356965a56eff163ea') in 0.006727 seconds 
========================================================================
Received Import Request.
  Time since last request: 0.000292 seconds.
  path: Assets/Terrain Assets/Textures/Sand (Beach2).jpg
  artifactKey: Guid(b1114d03f7b0d4d07a72ad67e291b7af) Importer(815301076,1909f56bfc062723c751e8b465ee728b)
Start importing Assets/Terrain Assets/Textures/Sand (Beach2).jpg using Guid(b1114d03f7b0d4d07a72ad67e291b7af) Importer(815301076,1909f56bfc062723c751e8b465ee728b)  -> (artifact id: 'b583dba743d38e032f82eafeec3449ac') in 0.007739 seconds 
========================================================================
Received Import Request.
  Time since last request: 0.000256 seconds.
  path: Assets/Terrain Assets/Textures/Snow.jpg
  artifactKey: Guid(c6141b18755094f808d9c85956b9c28a) Importer(815301076,1909f56bfc062723c751e8b465ee728b)
Start importing Assets/Terrain Assets/Textures/Snow.jpg using Guid(c6141b18755094f808d9c85956b9c28a) Importer(815301076,1909f56bfc062723c751e8b465ee728b)  -> (artifact id: '28ae7441b6fdd64090f9ad23bc9633b1') in 0.006179 seconds 
========================================================================
Received Import Request.
  Time since last request: 0.155945 seconds.
  path: Assets/Terrain Assets/Trees Ambient-Occlusion/Textures/SycamoreLeaves5.psd
  artifactKey: Guid(a1e8a7b3bd1123061100b7a844295342) Importer(815301076,1909f56bfc062723c751e8b465ee728b)
Start importing Assets/Terrain Assets/Trees Ambient-Occlusion/Textures/SycamoreLeaves5.psd using Guid(a1e8a7b3bd1123061100b7a844295342) Importer(815301076,1909f56bfc062723c751e8b465ee728b)  -> (artifact id: 'f464a1739c0afdb85c7ebb1130b793cc') in 0.013644 seconds 
========================================================================
Received Import Request.
  Time since last request: 0.000557 seconds.
  path: Assets/Terrain Assets/Trees Ambient-Occlusion/Textures/WillowBark.psd
  artifactKey: Guid(c077b81dbd110e38a00062d88f962b59) Importer(815301076,1909f56bfc062723c751e8b465ee728b)
Start importing Assets/Terrain Assets/Trees Ambient-Occlusion/Textures/WillowBark.psd using Guid(c077b81dbd110e38a00062d88f962b59) Importer(815301076,1909f56bfc062723c751e8b465ee728b)  -> (artifact id: 'ef12682575f573d14840aa7367dd51d2') in 0.015368 seconds 
========================================================================
Received Import Request.
  Time since last request: 0.000548 seconds.
  path: Assets/Terrain Assets/Grass/Weed3.psd
  artifactKey: Guid(58d6aa80bd11258b1100de1b44295342) Importer(815301076,1909f56bfc062723c751e8b465ee728b)
Start importing Assets/Terrain Assets/Grass/Weed3.psd using Guid(58d6aa80bd11258b1100de1b44295342) Importer(815301076,1909f56bfc062723c751e8b465ee728b)  -> (artifact id: 'eaf3904b02466251ec7df70feefe4a57') in 0.013596 seconds 
========================================================================
Received Import Request.
  Time since last request: 0.000433 seconds.
  path: Assets/Terrain Assets/Grass/WhiteFlowers.psd
  artifactKey: Guid(54d49d60bd11c48b1100454844295342) Importer(815301076,1909f56bfc062723c751e8b465ee728b)
Start importing Assets/Terrain Assets/Grass/WhiteFlowers.psd using Guid(54d49d60bd11c48b1100454844295342) Importer(815301076,1909f56bfc062723c751e8b465ee728b)  -> (artifact id: 'c8e7824ce9f52b139e7518766ae70a5b') in 0.010917 seconds 
========================================================================
Received Import Request.
  Time since last request: 0.000305 seconds.
  path: Assets/Terrain Assets/Grass/Weed.psd
  artifactKey: Guid(a9302d63bd11830a1100b7fa44295342) Importer(815301076,1909f56bfc062723c751e8b465ee728b)
Start importing Assets/Terrain Assets/Grass/Weed.psd using Guid(a9302d63bd11830a1100b7fa44295342) Importer(815301076,1909f56bfc062723c751e8b465ee728b)  -> (artifact id: '4ab36e981c769e51974060589d308bb8') in 0.006708 seconds 
========================================================================
Received Import Request.
  Time since last request: 0.000294 seconds.
  path: Assets/Terrain Assets/Grass/Weed2.psd
  artifactKey: Guid(cb1bc5bfbd11058b1100de1b44295342) Importer(815301076,1909f56bfc062723c751e8b465ee728b)
Start importing Assets/Terrain Assets/Grass/Weed2.psd using Guid(cb1bc5bfbd11058b1100de1b44295342) Importer(815301076,1909f56bfc062723c751e8b465ee728b)  -> (artifact id: '1458cc15353609b89d5e728c3caa9470') in 0.008332 seconds 
========================================================================
Received Import Request.
  Time since last request: 0.000280 seconds.
  path: Assets/Terrain Assets/Trees Ambient-Occlusion/Textures/WillowBranches.psd
  artifactKey: Guid(8397b81dbd110e38a00062d88f962b59) Importer(815301076,1909f56bfc062723c751e8b465ee728b)
Start importing Assets/Terrain Assets/Trees Ambient-Occlusion/Textures/WillowBranches.psd using Guid(8397b81dbd110e38a00062d88f962b59) Importer(815301076,1909f56bfc062723c751e8b465ee728b)  -> (artifact id: '6eda7f2c3010ab10e582e3119457390a') in 0.008071 seconds 
========================================================================
Received Import Request.
  Time since last request: 0.000260 seconds.
  path: Assets/Terrain Assets/Trees Ambient-Occlusion/Textures/ThinTree.psd
  artifactKey: Guid(7b4387a8cd11b7a2a000251b8f962b59) Importer(815301076,1909f56bfc062723c751e8b465ee728b)
Start importing Assets/Terrain Assets/Trees Ambient-Occlusion/Textures/ThinTree.psd using Guid(7b4387a8cd11b7a2a000251b8f962b59) Importer(815301076,1909f56bfc062723c751e8b465ee728b)  -> (artifact id: 'b43d84a0045350c2e9e99d7674d470b7') in 0.006307 seconds 
========================================================================
Received Import Request.
  Time since last request: 94.228739 seconds.
  path: Assets/dirt.terrainlayer
  artifactKey: Guid(71e2d0e2b7306814b88f792cae62de3d) Importer(815301076,1909f56bfc062723c751e8b465ee728b)
Start importing Assets/dirt.terrainlayer using Guid(71e2d0e2b7306814b88f792cae62de3d) Importer(815301076,1909f56bfc062723c751e8b465ee728b)  -> (artifact id: 'f9b643c668444d28f30af730e95141cc') in 0.009724 seconds 
========================================================================
Received Import Request.
  Time since last request: 120.849388 seconds.
  path: Assets/Terrain Assets/Trees Ambient-Occlusion/Alder.fbx
  artifactKey: Guid(25fa881dbd110e38a00062d88f962b59) Importer(815301076,1909f56bfc062723c751e8b465ee728b)
Start importing Assets/Terrain Assets/Trees Ambient-Occlusion/Alder.fbx using Guid(25fa881dbd110e38a00062d88f962b59) Importer(815301076,1909f56bfc062723c751e8b465ee728b)  -> (artifact id: '42902077544a07e78b8a4564d1f396ea') in 0.015207 seconds 
AssetImportWorkerClient::OnTransportError - code=2 error=End of file
